  [1m[36m (2.6ms)[0m  [1mCREATE TABLE "schema_migrations" ("version" varchar NOT NULL) [0m
  [1m[35m (0.8ms)[0m  select sqlite_version(*)
  [1m[36m (4.0ms)[0m  [1mCREATE UNIQUE INDEX "unique_schema_migrations" ON "schema_migrations" ("version")[0m
  [1m[35mActiveRecord::SchemaMigration Load (0.2ms)[0m  SELECT "schema_migrations".* FROM "schema_migrations"
Migrating to CreateUsers (20150815211532)
  [1m[36m (0.2ms)[0m  [1mbegin transaction[0m
  [1m[35m (0.1ms)[0m  rollback transaction
  [1m[36mActiveRecord::SchemaMigration Load (16.4ms)[0m  [1mSELECT "schema_migrations".* FROM "schema_migrations"[0m
Migrating to CreateUsers (20150815211532)
  [1m[35m (0.2ms)[0m  begin transaction
  [1m[36m (22.6ms)[0m  [1mCREATE TABLE "users" ("id" INTEGER PRIMARY KEY AUTOINCREMENT NOT NULL, "name" varchar, "email" varchar, "password" varchar, "created_at" datetime NOT NULL, "updated_at" datetime NOT NULL) [0m
  [1m[35mSQL (7.6ms)[0m  INSERT INTO "schema_migrations" ("version") VALUES (?)  [["version", "20150815211532"]]
  [1m[36m (16.6ms)[0m  [1mcommit transaction[0m
Migrating to CreateFoodscapes (20150815211726)
  [1m[35m (0.1ms)[0m  begin transaction
  [1m[36m (0.6ms)[0m  [1mCREATE TABLE "foodscapes" ("id" INTEGER PRIMARY KEY AUTOINCREMENT NOT NULL, "user_id" integer, "name" varchar, "address_line_1" varchar, "address_line_2" varchar, "city" varchar, "state" varchar, "zip_code" integer, "goalsneeds" varchar, "other_details" varchar, "URL_slug" varchar, "created_at" datetime NOT NULL, "updated_at" datetime NOT NULL) [0m
  [1m[35mSQL (0.2ms)[0m  INSERT INTO "schema_migrations" ("version") VALUES (?)  [["version", "20150815211726"]]
  [1m[36m (2.7ms)[0m  [1mcommit transaction[0m
Migrating to CreateUpdates (20150815211833)
  [1m[35m (0.2ms)[0m  begin transaction
  [1m[36m (0.6ms)[0m  [1mCREATE TABLE "updates" ("id" INTEGER PRIMARY KEY AUTOINCREMENT NOT NULL, "created_at" datetime NOT NULL, "updated_at" datetime NOT NULL) [0m
  [1m[35mSQL (0.2ms)[0m  INSERT INTO "schema_migrations" ("version") VALUES (?)  [["version", "20150815211833"]]
  [1m[36m (2.6ms)[0m  [1mcommit transaction[0m
Migrating to CreatePictures (20150815211922)
  [1m[35m (0.1ms)[0m  begin transaction
  [1m[36m (0.5ms)[0m  [1mCREATE TABLE "pictures" ("id" INTEGER PRIMARY KEY AUTOINCREMENT NOT NULL, "created_at" datetime NOT NULL, "updated_at" datetime NOT NULL) [0m
  [1m[35mSQL (0.2ms)[0m  INSERT INTO "schema_migrations" ("version") VALUES (?)  [["version", "20150815211922"]]
  [1m[36m (2.5ms)[0m  [1mcommit transaction[0m
Migrating to CreateSubscriptions (20150815213554)
  [1m[35m (0.3ms)[0m  begin transaction
  [1m[36m (0.7ms)[0m  [1mCREATE TABLE "subscriptions" ("id" INTEGER PRIMARY KEY AUTOINCREMENT NOT NULL, "user_id" integer, "foodscape_id" integer, "created_at" datetime NOT NULL, "updated_at" datetime NOT NULL) [0m
  [1m[35mSQL (0.3ms)[0m  INSERT INTO "schema_migrations" ("version") VALUES (?)  [["version", "20150815213554"]]
  [1m[36m (3.0ms)[0m  [1mcommit transaction[0m
  [1m[35mActiveRecord::SchemaMigration Load (0.2ms)[0m  SELECT "schema_migrations".* FROM "schema_migrations"
